Determining if the pthread_create exist failed with the following output:
Change Dir: /home/justin/Documents/bouncy/self-assembly/gazebo/build/CMakeFiles/CMakeTmp

Run Build Command:"/usr/bin/make" "cmTC_b6e49/fast"
/usr/bin/make -f CMakeFiles/cmTC_b6e49.dir/build.make CMakeFiles/cmTC_b6e49.dir/build
make[1]: Entering directory '/home/justin/Documents/bouncy/self-assembly/gazebo/build/CMakeFiles/CMakeTmp'
Building C object CMakeFiles/cmTC_b6e49.dir/CheckSymbolExists.c.o
/usr/bin/cc     -o CMakeFiles/cmTC_b6e49.dir/CheckSymbolExists.c.o   -c /home/justin/Documents/bouncy/self-assembly/gazebo/build/CMakeFiles/CMakeTmp/CheckSymbolExists.c
Linking C executable cmTC_b6e49
/usr/bin/cmake -E cmake_link_script CMakeFiles/cmTC_b6e49.dir/link.txt --verbose=1
/usr/bin/cc       CMakeFiles/cmTC_b6e49.dir/CheckSymbolExists.c.o  -o cmTC_b6e49 -rdynamic 
CMakeFiles/cmTC_b6e49.dir/CheckSymbolExists.c.o: In function `main':
CheckSymbolExists.c:(.text+0x16): undefined reference to `pthread_create'
collect2: error: ld returned 1 exit status
CMakeFiles/cmTC_b6e49.dir/build.make:97: recipe for target 'cmTC_b6e49' failed
make[1]: *** [cmTC_b6e49] Error 1
make[1]: Leaving directory '/home/justin/Documents/bouncy/self-assembly/gazebo/build/CMakeFiles/CMakeTmp'
Makefile:126: recipe for target 'cmTC_b6e49/fast' failed
make: *** [cmTC_b6e49/fast] Error 2

File /home/justin/Documents/bouncy/self-assembly/gazebo/build/CMakeFiles/CMakeTmp/CheckSymbolExists.c:
/* */
#include <pthread.h>

int main(int argc, char** argv)
{
  (void)argv;
#ifndef pthread_create
  return ((int*)(&pthread_create))[argc];
#else
  (void)argc;
  return 0;
#endif
}

Determining if the function pthread_create exists in the pthreads failed with the following output:
Change Dir: /home/justin/Documents/bouncy/self-assembly/gazebo/build/CMakeFiles/CMakeTmp

Run Build Command:"/usr/bin/make" "cmTC_35d57/fast"
/usr/bin/make -f CMakeFiles/cmTC_35d57.dir/build.make CMakeFiles/cmTC_35d57.dir/build
make[1]: Entering directory '/home/justin/Documents/bouncy/self-assembly/gazebo/build/CMakeFiles/CMakeTmp'
Building C object CMakeFiles/cmTC_35d57.dir/CheckFunctionExists.c.o
/usr/bin/cc    -DCHECK_FUNCTION_EXISTS=pthread_create   -o CMakeFiles/cmTC_35d57.dir/CheckFunctionExists.c.o   -c /usr/share/cmake-3.5/Modules/CheckFunctionExists.c
Linking C executable cmTC_35d57
/usr/bin/cmake -E cmake_link_script CMakeFiles/cmTC_35d57.dir/link.txt --verbose=1
/usr/bin/cc   -DCHECK_FUNCTION_EXISTS=pthread_create    CMakeFiles/cmTC_35d57.dir/CheckFunctionExists.c.o  -o cmTC_35d57 -rdynamic -lpthreads 
/usr/bin/ld: cannot find -lpthreads
collect2: error: ld returned 1 exit status
CMakeFiles/cmTC_35d57.dir/build.make:97: recipe for target 'cmTC_35d57' failed
make[1]: *** [cmTC_35d57] Error 1
make[1]: Leaving directory '/home/justin/Documents/bouncy/self-assembly/gazebo/build/CMakeFiles/CMakeTmp'
Makefile:126: recipe for target 'cmTC_35d57/fast' failed
make: *** [cmTC_35d57/fast] Error 2


